2018-05-19 17:02:24,392 - Log4JLogChute initialized using file 'velocity.log'
2018-05-19 17:02:24,392 - Initializing Velocity, Calling init()...
2018-05-19 17:02:24,392 - Starting Apache Velocity v1.7 (compiled: 2010-11-19 12:14:37)
2018-05-19 17:02:24,392 - Default Properties File: org/apache/velocity/runtime/defaults/velocity.properties
2018-05-19 17:02:24,392 - Trying to use logger class org.apache.velocity.runtime.log.AvalonLogChute
2018-05-19 17:02:24,392 - Target log system for org.apache.velocity.runtime.log.AvalonLogChute is not available (java.lang.NoClassDefFoundError: org/apache/log/Priority).  Falling back to next log system...
2018-05-19 17:02:24,392 - Trying to use logger class org.apache.velocity.runtime.log.Log4JLogChute
2018-05-19 17:02:24,392 - Using logger class org.apache.velocity.runtime.log.Log4JLogChute
2018-05-19 17:02:24,394 - ResourceLoader instantiated: org.apache.velocity.runtime.resource.loader.ClasspathResourceLoader
2018-05-19 17:02:24,399 - ResourceCache: initialized (class org.apache.velocity.runtime.resource.ResourceCacheImpl) with class java.util.Collections$SynchronizedMap cache map.
2018-05-19 17:02:24,400 - Loaded System Directive: org.apache.velocity.runtime.directive.Stop
2018-05-19 17:02:24,401 - Loaded System Directive: org.apache.velocity.runtime.directive.Define
2018-05-19 17:02:24,401 - Loaded System Directive: org.apache.velocity.runtime.directive.Break
2018-05-19 17:02:24,401 - Loaded System Directive: org.apache.velocity.runtime.directive.Evaluate
2018-05-19 17:02:24,402 - Loaded System Directive: org.apache.velocity.runtime.directive.Literal
2018-05-19 17:02:24,402 - Loaded System Directive: org.apache.velocity.runtime.directive.Macro
2018-05-19 17:02:24,403 - Loaded System Directive: org.apache.velocity.runtime.directive.Parse
2018-05-19 17:02:24,403 - Loaded System Directive: org.apache.velocity.runtime.directive.Include
2018-05-19 17:02:24,403 - Loaded System Directive: org.apache.velocity.runtime.directive.Foreach
2018-05-19 17:02:24,410 - Created '20' parsers.
2018-05-19 17:02:24,411 - Velocimacro : "velocimacro.library" is not set.  Trying default library: VM_global_library.vm
2018-05-19 17:02:24,412 - Could not load resource 'VM_global_library.vm' from ResourceLoader org.apache.velocity.runtime.resource.loader.ClasspathResourceLoader: ClasspathResourceLoader Error: cannot find resource VM_global_library.vm
2018-05-19 17:02:24,412 - Velocimacro : Default library not found.
2018-05-19 17:02:24,412 - Velocimacro : allowInline = true : VMs can be defined inline in templates
2018-05-19 17:02:24,412 - Velocimacro : allowInlineToOverride = false : VMs defined inline may NOT replace previous VM definitions
2018-05-19 17:02:24,412 - Velocimacro : allowInlineLocal = false : VMs defined inline will be global in scope if allowed.
2018-05-19 17:02:24,412 - Velocimacro : autoload off : VM system will not automatically reload global library macros
2018-05-19 17:02:24,429 - ResourceManager : found /templates/entity.java.vm with loader org.apache.velocity.runtime.resource.loader.ClasspathResourceLoader
2018-05-19 17:02:24,435 - Left side (${versionFieldName}) of '==' operation has null value. If it is a reference, it may not be in the context or its toString() returned null. /templates/entity.java.vm[line 76, column 26]
2018-05-19 17:02:24,435 - Left side (${logicDeleteFieldName}) of '==' operation has null value. If it is a reference, it may not be in the context or its toString() returned null. /templates/entity.java.vm[line 80, column 30]
2018-05-19 17:02:24,435 - Left side (${versionFieldName}) of '==' operation has null value. If it is a reference, it may not be in the context or its toString() returned null. /templates/entity.java.vm[line 76, column 26]
2018-05-19 17:02:24,435 - Left side (${logicDeleteFieldName}) of '==' operation has null value. If it is a reference, it may not be in the context or its toString() returned null. /templates/entity.java.vm[line 80, column 30]
2018-05-19 17:02:24,435 - Left side (${versionFieldName}) of '==' operation has null value. If it is a reference, it may not be in the context or its toString() returned null. /templates/entity.java.vm[line 76, column 26]
2018-05-19 17:02:24,435 - Left side (${logicDeleteFieldName}) of '==' operation has null value. If it is a reference, it may not be in the context or its toString() returned null. /templates/entity.java.vm[line 80, column 30]
2018-05-19 17:02:24,435 - Left side (${versionFieldName}) of '==' operation has null value. If it is a reference, it may not be in the context or its toString() returned null. /templates/entity.java.vm[line 76, column 26]
2018-05-19 17:02:24,435 - Left side (${logicDeleteFieldName}) of '==' operation has null value. If it is a reference, it may not be in the context or its toString() returned null. /templates/entity.java.vm[line 80, column 30]
2018-05-19 17:02:24,435 - Left side (${versionFieldName}) of '==' operation has null value. If it is a reference, it may not be in the context or its toString() returned null. /templates/entity.java.vm[line 76, column 26]
2018-05-19 17:02:24,435 - Left side (${logicDeleteFieldName}) of '==' operation has null value. If it is a reference, it may not be in the context or its toString() returned null. /templates/entity.java.vm[line 80, column 30]
2018-05-19 17:02:24,440 - ResourceManager : found /templates/mapper.java.vm with loader org.apache.velocity.runtime.resource.loader.ClasspathResourceLoader
2018-05-19 17:02:24,442 - ResourceManager : found /templates/mapper.xml.vm with loader org.apache.velocity.runtime.resource.loader.ClasspathResourceLoader
2018-05-19 17:02:24,443 - ResourceManager : found /templates/service.java.vm with loader org.apache.velocity.runtime.resource.loader.ClasspathResourceLoader
2018-05-19 17:02:24,444 - ResourceManager : found /templates/serviceImpl.java.vm with loader org.apache.velocity.runtime.resource.loader.ClasspathResourceLoader
2018-05-19 17:02:24,445 - ResourceManager : found /templates/controller.java.vm with loader org.apache.velocity.runtime.resource.loader.ClasspathResourceLoader
2018-05-19 17:35:21,299 - Log4JLogChute initialized using file 'velocity.log'
2018-05-19 17:35:21,299 - Initializing Velocity, Calling init()...
2018-05-19 17:35:21,299 - Starting Apache Velocity v1.7 (compiled: 2010-11-19 12:14:37)
2018-05-19 17:35:21,299 - Default Properties File: org/apache/velocity/runtime/defaults/velocity.properties
2018-05-19 17:35:21,299 - Trying to use logger class org.apache.velocity.runtime.log.AvalonLogChute
2018-05-19 17:35:21,299 - Target log system for org.apache.velocity.runtime.log.AvalonLogChute is not available (java.lang.NoClassDefFoundError: org/apache/log/Priority).  Falling back to next log system...
2018-05-19 17:35:21,299 - Trying to use logger class org.apache.velocity.runtime.log.Log4JLogChute
2018-05-19 17:35:21,299 - Using logger class org.apache.velocity.runtime.log.Log4JLogChute
2018-05-19 17:35:21,301 - ResourceLoader instantiated: org.apache.velocity.runtime.resource.loader.ClasspathResourceLoader
2018-05-19 17:35:21,305 - ResourceCache: initialized (class org.apache.velocity.runtime.resource.ResourceCacheImpl) with class java.util.Collections$SynchronizedMap cache map.
2018-05-19 17:35:21,307 - Loaded System Directive: org.apache.velocity.runtime.directive.Stop
2018-05-19 17:35:21,307 - Loaded System Directive: org.apache.velocity.runtime.directive.Define
2018-05-19 17:35:21,308 - Loaded System Directive: org.apache.velocity.runtime.directive.Break
2018-05-19 17:35:21,308 - Loaded System Directive: org.apache.velocity.runtime.directive.Evaluate
2018-05-19 17:35:21,308 - Loaded System Directive: org.apache.velocity.runtime.directive.Literal
2018-05-19 17:35:21,309 - Loaded System Directive: org.apache.velocity.runtime.directive.Macro
2018-05-19 17:35:21,309 - Loaded System Directive: org.apache.velocity.runtime.directive.Parse
2018-05-19 17:35:21,309 - Loaded System Directive: org.apache.velocity.runtime.directive.Include
2018-05-19 17:35:21,310 - Loaded System Directive: org.apache.velocity.runtime.directive.Foreach
2018-05-19 17:35:21,317 - Created '20' parsers.
2018-05-19 17:35:21,318 - Velocimacro : "velocimacro.library" is not set.  Trying default library: VM_global_library.vm
2018-05-19 17:35:21,319 - Could not load resource 'VM_global_library.vm' from ResourceLoader org.apache.velocity.runtime.resource.loader.ClasspathResourceLoader: ClasspathResourceLoader Error: cannot find resource VM_global_library.vm
2018-05-19 17:35:21,319 - Velocimacro : Default library not found.
2018-05-19 17:35:21,319 - Velocimacro : allowInline = true : VMs can be defined inline in templates
2018-05-19 17:35:21,319 - Velocimacro : allowInlineToOverride = false : VMs defined inline may NOT replace previous VM definitions
2018-05-19 17:35:21,319 - Velocimacro : allowInlineLocal = false : VMs defined inline will be global in scope if allowed.
2018-05-19 17:35:21,319 - Velocimacro : autoload off : VM system will not automatically reload global library macros
2018-05-19 17:35:21,335 - ResourceManager : found /templates/entity.java.vm with loader org.apache.velocity.runtime.resource.loader.ClasspathResourceLoader
2018-05-19 17:35:21,341 - Left side (${versionFieldName}) of '==' operation has null value. If it is a reference, it may not be in the context or its toString() returned null. /templates/entity.java.vm[line 76, column 26]
2018-05-19 17:35:21,341 - Left side (${logicDeleteFieldName}) of '==' operation has null value. If it is a reference, it may not be in the context or its toString() returned null. /templates/entity.java.vm[line 80, column 30]
2018-05-19 17:35:21,342 - Left side (${versionFieldName}) of '==' operation has null value. If it is a reference, it may not be in the context or its toString() returned null. /templates/entity.java.vm[line 76, column 26]
2018-05-19 17:35:21,342 - Left side (${logicDeleteFieldName}) of '==' operation has null value. If it is a reference, it may not be in the context or its toString() returned null. /templates/entity.java.vm[line 80, column 30]
2018-05-19 17:35:21,342 - Left side (${versionFieldName}) of '==' operation has null value. If it is a reference, it may not be in the context or its toString() returned null. /templates/entity.java.vm[line 76, column 26]
2018-05-19 17:35:21,342 - Left side (${logicDeleteFieldName}) of '==' operation has null value. If it is a reference, it may not be in the context or its toString() returned null. /templates/entity.java.vm[line 80, column 30]
2018-05-19 17:35:21,342 - Left side (${versionFieldName}) of '==' operation has null value. If it is a reference, it may not be in the context or its toString() returned null. /templates/entity.java.vm[line 76, column 26]
2018-05-19 17:35:21,342 - Left side (${logicDeleteFieldName}) of '==' operation has null value. If it is a reference, it may not be in the context or its toString() returned null. /templates/entity.java.vm[line 80, column 30]
2018-05-19 17:35:21,342 - Left side (${versionFieldName}) of '==' operation has null value. If it is a reference, it may not be in the context or its toString() returned null. /templates/entity.java.vm[line 76, column 26]
2018-05-19 17:35:21,342 - Left side (${logicDeleteFieldName}) of '==' operation has null value. If it is a reference, it may not be in the context or its toString() returned null. /templates/entity.java.vm[line 80, column 30]
2018-05-19 17:35:21,342 - Left side (${versionFieldName}) of '==' operation has null value. If it is a reference, it may not be in the context or its toString() returned null. /templates/entity.java.vm[line 76, column 26]
2018-05-19 17:35:21,342 - Left side (${logicDeleteFieldName}) of '==' operation has null value. If it is a reference, it may not be in the context or its toString() returned null. /templates/entity.java.vm[line 80, column 30]
2018-05-19 17:35:21,342 - Left side (${versionFieldName}) of '==' operation has null value. If it is a reference, it may not be in the context or its toString() returned null. /templates/entity.java.vm[line 76, column 26]
2018-05-19 17:35:21,342 - Left side (${logicDeleteFieldName}) of '==' operation has null value. If it is a reference, it may not be in the context or its toString() returned null. /templates/entity.java.vm[line 80, column 30]
2018-05-19 17:35:21,343 - Left side (${versionFieldName}) of '==' operation has null value. If it is a reference, it may not be in the context or its toString() returned null. /templates/entity.java.vm[line 76, column 26]
2018-05-19 17:35:21,343 - Left side (${logicDeleteFieldName}) of '==' operation has null value. If it is a reference, it may not be in the context or its toString() returned null. /templates/entity.java.vm[line 80, column 30]
2018-05-19 17:35:21,343 - Left side (${versionFieldName}) of '==' operation has null value. If it is a reference, it may not be in the context or its toString() returned null. /templates/entity.java.vm[line 76, column 26]
2018-05-19 17:35:21,343 - Left side (${logicDeleteFieldName}) of '==' operation has null value. If it is a reference, it may not be in the context or its toString() returned null. /templates/entity.java.vm[line 80, column 30]
2018-05-19 17:35:21,343 - Left side (${versionFieldName}) of '==' operation has null value. If it is a reference, it may not be in the context or its toString() returned null. /templates/entity.java.vm[line 76, column 26]
2018-05-19 17:35:21,343 - Left side (${logicDeleteFieldName}) of '==' operation has null value. If it is a reference, it may not be in the context or its toString() returned null. /templates/entity.java.vm[line 80, column 30]
2018-05-19 17:35:21,343 - Left side (${versionFieldName}) of '==' operation has null value. If it is a reference, it may not be in the context or its toString() returned null. /templates/entity.java.vm[line 76, column 26]
2018-05-19 17:35:21,343 - Left side (${logicDeleteFieldName}) of '==' operation has null value. If it is a reference, it may not be in the context or its toString() returned null. /templates/entity.java.vm[line 80, column 30]
2018-05-19 17:35:21,343 - Left side (${versionFieldName}) of '==' operation has null value. If it is a reference, it may not be in the context or its toString() returned null. /templates/entity.java.vm[line 76, column 26]
2018-05-19 17:35:21,343 - Left side (${logicDeleteFieldName}) of '==' operation has null value. If it is a reference, it may not be in the context or its toString() returned null. /templates/entity.java.vm[line 80, column 30]
2018-05-19 17:35:21,348 - ResourceManager : found /templates/mapper.java.vm with loader org.apache.velocity.runtime.resource.loader.ClasspathResourceLoader
2018-05-19 17:35:21,350 - ResourceManager : found /templates/mapper.xml.vm with loader org.apache.velocity.runtime.resource.loader.ClasspathResourceLoader
2018-05-19 17:35:21,351 - ResourceManager : found /templates/service.java.vm with loader org.apache.velocity.runtime.resource.loader.ClasspathResourceLoader
2018-05-19 17:35:21,352 - ResourceManager : found /templates/serviceImpl.java.vm with loader org.apache.velocity.runtime.resource.loader.ClasspathResourceLoader
2018-05-19 17:35:21,353 - ResourceManager : found /templates/controller.java.vm with loader org.apache.velocity.runtime.resource.loader.ClasspathResourceLoader
2018-05-19 18:29:48,515 - Log4JLogChute initialized using file 'velocity.log'
2018-05-19 18:29:48,524 - Initializing Velocity, Calling init()...
2018-05-19 18:29:48,524 - Starting Apache Velocity v1.7 (compiled: 2010-11-19 12:14:37)
2018-05-19 18:29:48,524 - Default Properties File: org/apache/velocity/runtime/defaults/velocity.properties
2018-05-19 18:29:48,524 - Trying to use logger class org.apache.velocity.runtime.log.AvalonLogChute
2018-05-19 18:29:48,524 - Target log system for org.apache.velocity.runtime.log.AvalonLogChute is not available (java.lang.NoClassDefFoundError: org/apache/log/Priority).  Falling back to next log system...
2018-05-19 18:29:48,524 - Trying to use logger class org.apache.velocity.runtime.log.Log4JLogChute
2018-05-19 18:29:48,524 - Using logger class org.apache.velocity.runtime.log.Log4JLogChute
2018-05-19 18:29:48,525 - ResourceLoader instantiated: org.apache.velocity.runtime.resource.loader.ClasspathResourceLoader
2018-05-19 18:29:48,530 - ResourceCache: initialized (class org.apache.velocity.runtime.resource.ResourceCacheImpl) with class java.util.Collections$SynchronizedMap cache map.
2018-05-19 18:29:48,531 - Loaded System Directive: org.apache.velocity.runtime.directive.Stop
2018-05-19 18:29:48,532 - Loaded System Directive: org.apache.velocity.runtime.directive.Define
2018-05-19 18:29:48,532 - Loaded System Directive: org.apache.velocity.runtime.directive.Break
2018-05-19 18:29:48,533 - Loaded System Directive: org.apache.velocity.runtime.directive.Evaluate
2018-05-19 18:29:48,533 - Loaded System Directive: org.apache.velocity.runtime.directive.Literal
2018-05-19 18:29:48,533 - Loaded System Directive: org.apache.velocity.runtime.directive.Macro
2018-05-19 18:29:48,534 - Loaded System Directive: org.apache.velocity.runtime.directive.Parse
2018-05-19 18:29:48,534 - Loaded System Directive: org.apache.velocity.runtime.directive.Include
2018-05-19 18:29:48,535 - Loaded System Directive: org.apache.velocity.runtime.directive.Foreach
2018-05-19 18:29:48,542 - Created '20' parsers.
2018-05-19 18:29:48,543 - Velocimacro : "velocimacro.library" is not set.  Trying default library: VM_global_library.vm
2018-05-19 18:29:48,543 - Could not load resource 'VM_global_library.vm' from ResourceLoader org.apache.velocity.runtime.resource.loader.ClasspathResourceLoader: ClasspathResourceLoader Error: cannot find resource VM_global_library.vm
2018-05-19 18:29:48,544 - Velocimacro : Default library not found.
2018-05-19 18:29:48,544 - Velocimacro : allowInline = true : VMs can be defined inline in templates
2018-05-19 18:29:48,544 - Velocimacro : allowInlineToOverride = false : VMs defined inline may NOT replace previous VM definitions
2018-05-19 18:29:48,544 - Velocimacro : allowInlineLocal = false : VMs defined inline will be global in scope if allowed.
2018-05-19 18:29:48,544 - Velocimacro : autoload off : VM system will not automatically reload global library macros
2018-05-19 18:29:48,560 - ResourceManager : found /templates/entity.java.vm with loader org.apache.velocity.runtime.resource.loader.ClasspathResourceLoader
2018-05-19 18:29:48,566 - Left side (${versionFieldName}) of '==' operation has null value. If it is a reference, it may not be in the context or its toString() returned null. /templates/entity.java.vm[line 76, column 26]
2018-05-19 18:29:48,566 - Left side (${logicDeleteFieldName}) of '==' operation has null value. If it is a reference, it may not be in the context or its toString() returned null. /templates/entity.java.vm[line 80, column 30]
2018-05-19 18:29:48,566 - Left side (${versionFieldName}) of '==' operation has null value. If it is a reference, it may not be in the context or its toString() returned null. /templates/entity.java.vm[line 76, column 26]
2018-05-19 18:29:48,566 - Left side (${logicDeleteFieldName}) of '==' operation has null value. If it is a reference, it may not be in the context or its toString() returned null. /templates/entity.java.vm[line 80, column 30]
2018-05-19 18:29:48,566 - Left side (${versionFieldName}) of '==' operation has null value. If it is a reference, it may not be in the context or its toString() returned null. /templates/entity.java.vm[line 76, column 26]
2018-05-19 18:29:48,566 - Left side (${logicDeleteFieldName}) of '==' operation has null value. If it is a reference, it may not be in the context or its toString() returned null. /templates/entity.java.vm[line 80, column 30]
2018-05-19 18:29:48,566 - Left side (${versionFieldName}) of '==' operation has null value. If it is a reference, it may not be in the context or its toString() returned null. /templates/entity.java.vm[line 76, column 26]
2018-05-19 18:29:48,566 - Left side (${logicDeleteFieldName}) of '==' operation has null value. If it is a reference, it may not be in the context or its toString() returned null. /templates/entity.java.vm[line 80, column 30]
2018-05-19 18:29:48,570 - ResourceManager : found /templates/mapper.java.vm with loader org.apache.velocity.runtime.resource.loader.ClasspathResourceLoader
2018-05-19 18:29:48,572 - ResourceManager : found /templates/mapper.xml.vm with loader org.apache.velocity.runtime.resource.loader.ClasspathResourceLoader
2018-05-19 18:29:48,574 - ResourceManager : found /templates/service.java.vm with loader org.apache.velocity.runtime.resource.loader.ClasspathResourceLoader
2018-05-19 18:29:48,575 - ResourceManager : found /templates/serviceImpl.java.vm with loader org.apache.velocity.runtime.resource.loader.ClasspathResourceLoader
2018-05-19 18:29:48,576 - ResourceManager : found /templates/controller.java.vm with loader org.apache.velocity.runtime.resource.loader.ClasspathResourceLoader
